2024-08-02 16:57:45,773 - openml.config - INFO - Error opening file C:\Users\tyler\.openml\config: not readable
2024-08-02 16:58:11,440 - openml.config - INFO - Error opening file C:\Users\tyler\.openml\config: not readable
2024-08-02 16:59:12,057 - openml.config - INFO - Error opening file C:\Users\tyler\.openml\config: not readable
2024-08-02 16:59:12,203 - root - INFO - Starting [get] request for the URL https://www.openml.org/api/v1/xml/data/0
2024-08-02 18:39:45,818 - openml.config - INFO - Error opening file C:\Users\tyler\.openml\config: not readable
2024-08-02 18:39:45,981 - root - INFO - Starting [get] request for the URL https://www.openml.org/api/v1/xml/data/61
2024-08-02 18:39:46,317 - root - INFO - 0.3359909s taken for [get] request for the URL https://www.openml.org/api/v1/xml/data/61
2024-08-02 18:39:46,320 - root - INFO - Starting [get] request for the URL https://www.openml.org/api/v1/xml/data/features/61
2024-08-02 18:39:46,659 - root - INFO - 0.3394876s taken for [get] request for the URL https://www.openml.org/api/v1/xml/data/features/61
2024-08-02 18:39:46,662 - root - INFO - Starting [get] request for the URL https://www.openml.org/api/v1/xml/data/qualities/61
2024-08-02 18:39:46,989 - root - INFO - 0.3270357s taken for [get] request for the URL https://www.openml.org/api/v1/xml/data/qualities/61
2024-08-02 18:39:46,992 - root - INFO - Starting [get] request for the URL https://api.openml.org/data/v1/download/61/iris.arff
2024-08-02 18:39:47,445 - root - INFO - 0.4513154s taken for [get] request for the URL https://api.openml.org/data/v1/download/61/iris.arff
2024-08-02 18:39:47,773 - urllib3.poolmanager - INFO - Redirecting http://openml1.win.tue.nl/datasets/0000/0061/dataset_61.pq -> https://openml1.win.tue.nl/datasets/0000/0061/dataset_61.pq
2024-08-02 18:39:48,671 - urllib3.poolmanager - INFO - Redirecting http://openml1.win.tue.nl/datasets/0000/0061/dataset_61.pq -> https://openml1.win.tue.nl/datasets/0000/0061/dataset_61.pq
2024-08-02 18:40:22,859 - openml.config - INFO - Error opening file C:\Users\tyler\.openml\config: not readable
2024-08-02 18:40:39,185 - openml.config - INFO - Error opening file C:\Users\tyler\.openml\config: not readable
2024-08-02 20:26:41,088 - openml.config - INFO - Error opening file C:\Users\tyler\.openml\config: not readable
2024-08-02 20:26:41,642 - openml.datasets.dataset - INFO - pickle write iris
2024-08-02 20:27:05,986 - openml.config - INFO - Error opening file C:\Users\tyler\.openml\config: not readable
2024-08-02 20:27:06,197 - openml.datasets.dataset - INFO - pickle write iris
2024-08-02 20:31:38,872 - openml.config - INFO - Error opening file C:\Users\tyler\.openml\config: not readable
2024-08-02 20:31:39,073 - openml.datasets.dataset - INFO - pickle write iris
2024-08-02 20:43:49,717 - openml.config - INFO - Error opening file C:\Users\tyler\.openml\config: not readable
2024-08-02 20:43:49,924 - openml.datasets.dataset - INFO - pickle write iris
2024-08-02 21:23:52,141 - openml.config - INFO - Error opening file C:\Users\tyler\.openml\config: not readable
2024-08-02 21:23:52,354 - openml.datasets.dataset - INFO - pickle write iris
2024-08-02 21:23:52,366 - root - INFO - Starting [get] request for the URL https://www.openml.org/api/v1/xml/data/list/limit/10000/offset/0
2024-08-02 21:23:54,166 - root - INFO - 1.7998364s taken for [get] request for the URL https://www.openml.org/api/v1/xml/data/list/limit/10000/offset/0
2024-08-02 21:24:11,799 - openml.config - INFO - Error opening file C:\Users\tyler\.openml\config: not readable
2024-08-02 21:24:12,010 - openml.datasets.dataset - INFO - pickle write iris
2024-08-02 21:24:12,019 - root - INFO - Starting [get] request for the URL https://www.openml.org/api/v1/xml/data/list/limit/10000/offset/0
2024-08-02 21:24:13,758 - root - INFO - 1.7381020s taken for [get] request for the URL https://www.openml.org/api/v1/xml/data/list/limit/10000/offset/0
2024-08-02 21:32:46,671 - openml.config - INFO - Error opening file C:\Users\tyler\.openml\config: not readable
2024-08-02 21:32:46,881 - openml.datasets.dataset - INFO - pickle write iris
2024-08-02 21:32:46,891 - root - INFO - Starting [get] request for the URL https://www.openml.org/api/v1/xml/data/list/limit/10000/offset/0
2024-08-02 21:32:48,696 - root - INFO - 1.8041992s taken for [get] request for the URL https://www.openml.org/api/v1/xml/data/list/limit/10000/offset/0
2024-08-02 21:43:10,806 - openml.config - INFO - Error opening file C:\Users\tyler\.openml\config: not readable
2024-08-02 21:43:11,041 - openml.datasets.dataset - INFO - pickle write iris
2024-08-02 21:43:11,052 - root - INFO - Starting [get] request for the URL https://www.openml.org/api/v1/xml/data/list/limit/10000/offset/0
2024-08-02 21:43:12,950 - root - INFO - 1.8967655s taken for [get] request for the URL https://www.openml.org/api/v1/xml/data/list/limit/10000/offset/0
2024-08-02 22:27:29,998 - openml.config - INFO - Error opening file C:\Users\tyler\.openml\config: not readable
2024-08-02 22:27:30,450 - openml.datasets.dataset - INFO - pickle write iris
2024-08-02 22:27:30,490 - root - INFO - Starting [get] request for the URL https://www.openml.org/api/v1/xml/data/list/limit/10000/offset/0
2024-08-02 22:27:32,278 - root - INFO - 1.7877672s taken for [get] request for the URL https://www.openml.org/api/v1/xml/data/list/limit/10000/offset/0
2024-08-03 19:20:41,396 - openml.config - INFO - Error opening file C:\Users\tyler\.openml\config: not readable
2024-08-03 19:20:41,762 - openml.datasets.dataset - INFO - pickle write iris
2024-08-03 19:20:41,788 - root - INFO - Starting [get] request for the URL https://www.openml.org/api/v1/xml/data/list/limit/10000/offset/0
2024-08-03 19:20:43,574 - root - INFO - 1.7863891s taken for [get] request for the URL https://www.openml.org/api/v1/xml/data/list/limit/10000/offset/0
2024-08-03 19:21:05,091 - openml.config - INFO - Error opening file C:\Users\tyler\.openml\config: not readable
2024-08-03 19:21:05,277 - openml.datasets.dataset - INFO - pickle write iris
2024-08-03 19:21:05,288 - root - INFO - Starting [get] request for the URL https://www.openml.org/api/v1/xml/data/list/limit/10000/offset/0
2024-08-03 19:21:07,064 - root - INFO - 1.7766712s taken for [get] request for the URL https://www.openml.org/api/v1/xml/data/list/limit/10000/offset/0
2024-08-03 19:26:27,842 - openml.config - INFO - Error opening file C:\Users\tyler\.openml\config: not readable
2024-08-03 19:26:44,398 - openml.config - INFO - Error opening file C:\Users\tyler\.openml\config: not readable
2024-08-03 19:27:34,433 - openml.config - INFO - Error opening file C:\Users\tyler\.openml\config: not readable
2024-08-03 19:29:23,057 - openml.config - INFO - Error opening file C:\Users\tyler\.openml\config: not readable
2024-08-03 19:29:55,479 - openml.config - INFO - Error opening file C:\Users\tyler\.openml\config: not readable
2024-08-03 19:30:11,386 - openml.config - INFO - Error opening file C:\Users\tyler\.openml\config: not readable
2024-08-03 19:30:11,566 - openml.datasets.dataset - INFO - pickle write iris
